app/build/intermediates/manifest_merge_blame_file/debug/manifest-merger-blame-debug-report.txt
1<?xml version="1.0" encoding="utf-8"?>
2<manifest xmlns:android="http://schemas.android.com/apk/res/android"
3    package="com.stylish.keyboard"
4    android:versionCode="1"
5    android:versionName="1.0" >
6
7    <uses-sdk
8        android:minSdkVersion="23"
8-->src\main\AndroidManifest.xml
9        android:targetSdkVersion="32" />
9-->src\main\AndroidManifest.xml
10
11    <uses-permission android:name="android.permission.ACCESS_NETWORK_STATE" />
11-->src\main\AndroidManifest.xml:5:5-79
11-->src\main\AndroidManifest.xml:5:22-76
12    <uses-permission android:name="android.permission.INTERNET" />
12-->src\main\AndroidManifest.xml:6:5-67
12-->src\main\AndroidManifest.xml:6:22-64
13    <uses-permission android:name="android.permission.READ_USER_DICTIONARY" />
13-->src\main\AndroidManifest.xml:7:5-79
13-->src\main\AndroidManifest.xml:7:22-76
14    <uses-permission android:name="android.permission.WRITE_USER_DICTIONARY" />
14-->src\main\AndroidManifest.xml:8:5-80
14-->src\main\AndroidManifest.xml:8:22-77
15    <uses-permission android:name="com.google.android.gms.permission.AD_ID" /> <!-- Android package visibility setting -->
15-->[com.google.android.gms:play-services-ads-lite:21.1.0] AndroidManifest.xml:25:5-79
15-->[com.google.android.gms:play-services-ads-lite:21.1.0] AndroidManifest.xml:25:22-76
16    <queries>
16-->[com.google.android.gms:play-services-ads-lite:21.1.0] AndroidManifest.xml:28:5-44:15
17
18        <!-- For browser content -->
19        <intent>
19-->[com.google.android.gms:play-services-ads-lite:21.1.0] AndroidManifest.xml:31:9-37:18
20            <action android:name="android.intent.action.VIEW" />
20-->[com.google.android.gms:play-services-ads-lite:21.1.0] AndroidManifest.xml:32:13-65
20-->[com.google.android.gms:play-services-ads-lite:21.1.0] AndroidManifest.xml:32:21-62
21
22            <category android:name="android.intent.category.BROWSABLE" />
22-->[com.google.android.gms:play-services-ads-lite:21.1.0] AndroidManifest.xml:34:13-74
22-->[com.google.android.gms:play-services-ads-lite:21.1.0] AndroidManifest.xml:34:23-71
23
24            <data android:scheme="https" />
24-->[com.google.android.gms:play-services-ads-lite:21.1.0] AndroidManifest.xml:36:13-44
24-->[com.google.android.gms:play-services-ads-lite:21.1.0] AndroidManifest.xml:36:19-41
25        </intent>
26        <!-- End of browser content -->
27        <!-- For CustomTabsService -->
28        <intent>
28-->[com.google.android.gms:play-services-ads-lite:21.1.0] AndroidManifest.xml:40:9-42:18
29            <action android:name="android.support.customtabs.action.CustomTabsService" />
29-->[com.google.android.gms:play-services-ads-lite:21.1.0] AndroidManifest.xml:41:13-90
29-->[com.google.android.gms:play-services-ads-lite:21.1.0] AndroidManifest.xml:41:21-87
30        </intent>
31        <!-- End of CustomTabsService -->
32    </queries>
33
34    <uses-permission android:name="android.permission.WAKE_LOCK" />
34-->[com.google.android.gms:play-services-measurement-sdk-api:20.1.2] AndroidManifest.xml:25:5-68
34-->[com.google.android.gms:play-services-measurement-sdk-api:20.1.2] AndroidManifest.xml:25:22-65
35    <uses-permission android:name="android.permission.RECEIVE_BOOT_COMPLETED" />
35-->[androidx.work:work-runtime:2.7.0] AndroidManifest.xml:27:5-81
35-->[androidx.work:work-runtime:2.7.0] AndroidManifest.xml:27:22-78
36    <uses-permission android:name="android.permission.FOREGROUND_SERVICE" />
36-->[androidx.work:work-runtime:2.7.0] AndroidManifest.xml:28:5-77
36-->[androidx.work:work-runtime:2.7.0] AndroidManifest.xml:28:22-74
37
38    <application
38-->src\main\AndroidManifest.xml:10:5-61:19
39        android:allowBackup="true"
39-->src\main\AndroidManifest.xml:11:9-35
40        android:appComponentFactory="androidx.core.app.CoreComponentFactory"
40-->[androidx.core:core:1.7.0] AndroidManifest.xml:24:18-86
41        android:dataExtractionRules="@xml/data_extraction_rules"
41-->src\main\AndroidManifest.xml:17:9-65
42        android:debuggable="true"
43        android:extractNativeLibs="false"
44        android:fullBackupContent="true"
44-->src\main\AndroidManifest.xml:12:9-41
45        android:icon="@mipmap/ic_launcher"
45-->src\main\AndroidManifest.xml:13:9-43
46        android:label="@string/app_name"
46-->src\main\AndroidManifest.xml:14:9-41
47        android:largeHeap="true"
47-->src\main\AndroidManifest.xml:15:9-33
48        android:testOnly="true"
49        android:theme="@style/AppTheme" >
49-->src\main\AndroidManifest.xml:16:9-40
50        <activity
50-->src\main\AndroidManifest.xml:18:9-25:20
51            android:name="com.stylish.keyboard.MainActivity"
51-->src\main\AndroidManifest.xml:18:19-67
52            android:exported="true" >
52-->src\main\AndroidManifest.xml:19:13-36
53            <intent-filter>
53-->src\main\AndroidManifest.xml:20:13-24:29
54                <action android:name="android.intent.action.MAIN" />
54-->src\main\AndroidManifest.xml:21:17-69
54-->src\main\AndroidManifest.xml:21:25-66
55
56                <category android:name="android.intent.category.LAUNCHER" />
56-->src\main\AndroidManifest.xml:23:17-77
56-->src\main\AndroidManifest.xml:23:27-74
57            </intent-filter>
58        </activity>
59        <activity
59-->src\main\AndroidManifest.xml:26:9-33:20
60            android:name="com.stylish.keyboard.android.ImePreferences"
60-->src\main\AndroidManifest.xml:27:13-71
61            android:exported="true"
61-->src\main\AndroidManifest.xml:29:13-36
62            android:label="@string/settings_name" >
62-->src\main\AndroidManifest.xml:28:13-50
63            <intent-filter>
63-->src\main\AndroidManifest.xml:30:13-32:29
64                <action android:name="android.intent.action.MAIN" />
64-->src\main\AndroidManifest.xml:21:17-69
64-->src\main\AndroidManifest.xml:21:25-66
65            </intent-filter>
66        </activity>
67        <activity
67-->src\main\AndroidManifest.xml:34:9-38:20
68            android:name="com.stylish.keyboard.DictionaryActivity"
68-->src\main\AndroidManifest.xml:35:13-67
69            android:exported="false"
69-->src\main\AndroidManifest.xml:36:13-37
70            android:label="@string/manage_dictionaries" >
70-->src\main\AndroidManifest.xml:37:13-56
71        </activity>
72        <activity
72-->src\main\AndroidManifest.xml:39:9-43:20
73            android:name="com.stylish.keyboard.AboutActivity"
73-->src\main\AndroidManifest.xml:40:13-62
74            android:exported="false"
74-->src\main\AndroidManifest.xml:41:13-37
75            android:label="@string/about" >
75-->src\main\AndroidManifest.xml:42:13-42
76        </activity>
77        <activity
77-->src\main\AndroidManifest.xml:44:9-47:58
78            android:name="com.stylish.keyboard.ThemeActivity"
78-->src\main\AndroidManifest.xml:45:13-62
79            android:exported="false"
79-->src\main\AndroidManifest.xml:46:13-37
80            android:label="@string/choose_theme_title" />
80-->src\main\AndroidManifest.xml:47:13-55
81
82        <service
82-->src\main\AndroidManifest.xml:49:9-60:19
83            android:name="com.stylish.keyboard.android.SoftKeyboard"
83-->src\main\AndroidManifest.xml:50:13-69
84            android:exported="false"
84-->src\main\AndroidManifest.xml:51:13-37
85            android:permission="android.permission.BIND_INPUT_METHOD" >
85-->src\main\AndroidManifest.xml:52:13-70
86            <intent-filter>
86-->src\main\AndroidManifest.xml:53:13-55:29
87                <action android:name="android.view.InputMethod" />
87-->src\main\AndroidManifest.xml:54:17-67
87-->src\main\AndroidManifest.xml:54:25-64
88            </intent-filter>
89
90            <meta-data
90-->src\main\AndroidManifest.xml:57:13-59:50
91                android:name="android.view.im"
91-->src\main\AndroidManifest.xml:58:17-47
92                android:resource="@xml/method" />
92-->src\main\AndroidManifest.xml:59:17-47
93        </service>
94
95        <activity
95-->[com.google.android.gms:play-services-base:18.0.0] AndroidManifest.xml:20:9-22:45
96            android:name="com.google.android.gms.common.api.GoogleApiActivity"
96-->[com.google.android.gms:play-services-base:18.0.0] AndroidManifest.xml:20:19-85
97            android:exported="false"
97-->[com.google.android.gms:play-services-base:18.0.0] AndroidManifest.xml:22:19-43
98            android:theme="@android:style/Theme.Translucent.NoTitleBar" />
98-->[com.google.android.gms:play-services-base:18.0.0] AndroidManifest.xml:21:19-78
99
100        <meta-data
100-->[com.google.android.gms:play-services-basement:18.0.0] AndroidManifest.xml:21:9-23:69
101            android:name="com.google.android.gms.version"
101-->[com.google.android.gms:play-services-basement:18.0.0] AndroidManifest.xml:22:13-58
102            android:value="@integer/google_play_services_version" />
102-->[com.google.android.gms:play-services-basement:18.0.0] AndroidManifest.xml:23:13-66
103
104        <provider
104-->[androidx.emoji2:emoji2:1.0.0] AndroidManifest.xml:26:9-34:20
105            android:name="androidx.startup.InitializationProvider"
105-->[androidx.emoji2:emoji2:1.0.0] AndroidManifest.xml:27:13-67
106            android:authorities="com.stylish.keyboard.androidx-startup"
106-->[androidx.emoji2:emoji2:1.0.0] AndroidManifest.xml:28:13-68
107            android:exported="false" >
107-->[androidx.emoji2:emoji2:1.0.0] AndroidManifest.xml:29:13-37
108            <meta-data
108-->[androidx.emoji2:emoji2:1.0.0] AndroidManifest.xml:31:13-33:52
109                android:name="androidx.emoji2.text.EmojiCompatInitializer"
109-->[androidx.emoji2:emoji2:1.0.0] AndroidManifest.xml:32:17-75
110                android:value="androidx.startup" />
110-->[androidx.emoji2:emoji2:1.0.0] AndroidManifest.xml:33:17-49
111            <meta-data
111-->[androidx.work:work-runtime:2.7.0] AndroidManifest.xml:36:13-38:52
112                android:name="androidx.work.WorkManagerInitializer"
112-->[androidx.work:work-runtime:2.7.0] AndroidManifest.xml:37:17-68
113                android:value="androidx.startup" />
113-->[androidx.work:work-runtime:2.7.0] AndroidManifest.xml:38:17-49
114            <meta-data
114-->[androidx.lifecycle:lifecycle-process:2.4.0] AndroidManifest.xml:31:13-33:52
115                android:name="androidx.lifecycle.ProcessLifecycleInitializer"
115-->[androidx.lifecycle:lifecycle-process:2.4.0] AndroidManifest.xml:32:17-78
116                android:value="androidx.startup" />
116-->[androidx.lifecycle:lifecycle-process:2.4.0] AndroidManifest.xml:33:17-49
117        </provider>
118
119        <service
119-->[androidx.work:work-runtime:2.7.0] AndroidManifest.xml:41:9-46:35
120            android:name="androidx.work.impl.background.systemalarm.SystemAlarmService"
120-->[androidx.work:work-runtime:2.7.0] AndroidManifest.xml:42:13-88
121            android:directBootAware="false"
121-->[androidx.work:work-runtime:2.7.0] AndroidManifest.xml:43:13-44
122            android:enabled="@bool/enable_system_alarm_service_default"
122-->[androidx.work:work-runtime:2.7.0] AndroidManifest.xml:44:13-72
123            android:exported="false" />
123-->[androidx.work:work-runtime:2.7.0] AndroidManifest.xml:45:13-37
124        <service
124-->[androidx.work:work-runtime:2.7.0] AndroidManifest.xml:47:9-53:35
125            android:name="androidx.work.impl.background.systemjob.SystemJobService"
125-->[androidx.work:work-runtime:2.7.0] AndroidManifest.xml:48:13-84
126            android:directBootAware="false"
126-->[androidx.work:work-runtime:2.7.0] AndroidManifest.xml:49:13-44
127            android:enabled="@bool/enable_system_job_service_default"
127-->[androidx.work:work-runtime:2.7.0] AndroidManifest.xml:50:13-70
128            android:exported="true"
128-->[androidx.work:work-runtime:2.7.0] AndroidManifest.xml:51:13-36
129            android:permission="android.permission.BIND_JOB_SERVICE" />
129-->[androidx.work:work-runtime:2.7.0] AndroidManifest.xml:52:13-69
130        <service
130-->[androidx.work:work-runtime:2.7.0] AndroidManifest.xml:54:9-59:35
131            android:name="androidx.work.impl.foreground.SystemForegroundService"
131-->[androidx.work:work-runtime:2.7.0] AndroidManifest.xml:55:13-81
132            android:directBootAware="false"
132-->[androidx.work:work-runtime:2.7.0] AndroidManifest.xml:56:13-44
133            android:enabled="@bool/enable_system_foreground_service_default"
133-->[androidx.work:work-runtime:2.7.0] AndroidManifest.xml:57:13-77
134            android:exported="false" />
134-->[androidx.work:work-runtime:2.7.0] AndroidManifest.xml:58:13-37
135
136        <receiver
136-->[androidx.work:work-runtime:2.7.0] AndroidManifest.xml:61:9-66:35
137            android:name="androidx.work.impl.utils.ForceStopRunnable$BroadcastReceiver"
137-->[androidx.work:work-runtime:2.7.0] AndroidManifest.xml:62:13-88
138            android:directBootAware="false"
138-->[androidx.work:work-runtime:2.7.0] AndroidManifest.xml:63:13-44
139            android:enabled="true"
139-->[androidx.work:work-runtime:2.7.0] AndroidManifest.xml:64:13-35
140            android:exported="false" />
140-->[androidx.work:work-runtime:2.7.0] AndroidManifest.xml:65:13-37
141        <receiver
141-->[androidx.work:work-runtime:2.7.0] AndroidManifest.xml:67:9-77:20
142            android:name="androidx.work.impl.background.systemalarm.ConstraintProxy$BatteryChargingProxy"
142-->[androidx.work:work-runtime:2.7.0] AndroidManifest.xml:68:13-106
143            android:directBootAware="false"
143-->[androidx.work:work-runtime:2.7.0] AndroidManifest.xml:69:13-44
144            android:enabled="false"
144-->[androidx.work:work-runtime:2.7.0] AndroidManifest.xml:70:13-36
145            android:exported="false" >
145-->[androidx.work:work-runtime:2.7.0] AndroidManifest.xml:71:13-37
146            <intent-filter>
146-->[androidx.work:work-runtime:2.7.0] AndroidManifest.xml:73:13-76:29
147                <action android:name="android.intent.action.ACTION_POWER_CONNECTED" />
147-->[androidx.work:work-runtime:2.7.0] AndroidManifest.xml:74:17-87
147-->[androidx.work:work-runtime:2.7.0] AndroidManifest.xml:74:25-84
148                <action android:name="android.intent.action.ACTION_POWER_DISCONNECTED" />
148-->[androidx.work:work-runtime:2.7.0] AndroidManifest.xml:75:17-90
148-->[androidx.work:work-runtime:2.7.0] AndroidManifest.xml:75:25-87
149            </intent-filter>
150        </receiver>
151        <receiver
151-->[androidx.work:work-runtime:2.7.0] AndroidManifest.xml:78:9-88:20
152            android:name="androidx.work.impl.background.systemalarm.ConstraintProxy$BatteryNotLowProxy"
152-->[androidx.work:work-runtime:2.7.0] AndroidManifest.xml:79:13-104
153            android:directBootAware="false"
153-->[androidx.work:work-runtime:2.7.0] AndroidManifest.xml:80:13-44
154            android:enabled="false"
154-->[androidx.work:work-runtime:2.7.0] AndroidManifest.xml:81:13-36
155            android:exported="false" >
155-->[androidx.work:work-runtime:2.7.0] AndroidManifest.xml:82:13-37
156            <intent-filter>
156-->[androidx.work:work-runtime:2.7.0] AndroidManifest.xml:84:13-87:29
157                <action android:name="android.intent.action.BATTERY_OKAY" />
157-->[androidx.work:work-runtime:2.7.0] AndroidManifest.xml:85:17-77
157-->[androidx.work:work-runtime:2.7.0] AndroidManifest.xml:85:25-74
158                <action android:name="android.intent.action.BATTERY_LOW" />
158-->[androidx.work:work-runtime:2.7.0] AndroidManifest.xml:86:17-76
158-->[androidx.work:work-runtime:2.7.0] AndroidManifest.xml:86:25-73
159            </intent-filter>
160        </receiver>
161        <receiver
161-->[androidx.work:work-runtime:2.7.0] AndroidManifest.xml:89:9-99:20
162            android:name="androidx.work.impl.background.systemalarm.ConstraintProxy$StorageNotLowProxy"
162-->[androidx.work:work-runtime:2.7.0] AndroidManifest.xml:90:13-104
163            android:directBootAware="false"
163-->[androidx.work:work-runtime:2.7.0] AndroidManifest.xml:91:13-44
164            android:enabled="false"
164-->[androidx.work:work-runtime:2.7.0] AndroidManifest.xml:92:13-36
165            android:exported="false" >
165-->[androidx.work:work-runtime:2.7.0] AndroidManifest.xml:93:13-37
166            <intent-filter>
166-->[androidx.work:work-runtime:2.7.0] AndroidManifest.xml:95:13-98:29
167                <action android:name="android.intent.action.DEVICE_STORAGE_LOW" />
167-->[androidx.work:work-runtime:2.7.0] AndroidManifest.xml:96:17-83
167-->[androidx.work:work-runtime:2.7.0] AndroidManifest.xml:96:25-80
168                <action android:name="android.intent.action.DEVICE_STORAGE_OK" />
168-->[androidx.work:work-runtime:2.7.0] AndroidManifest.xml:97:17-82
168-->[androidx.work:work-runtime:2.7.0] AndroidManifest.xml:97:25-79
169            </intent-filter>
170        </receiver>
171        <receiver
171-->[androidx.work:work-runtime:2.7.0] AndroidManifest.xml:100:9-109:20
172            android:name="androidx.work.impl.background.systemalarm.ConstraintProxy$NetworkStateProxy"
172-->[androidx.work:work-runtime:2.7.0] AndroidManifest.xml:101:13-103
173            android:directBootAware="false"
173-->[androidx.work:work-runtime:2.7.0] AndroidManifest.xml:102:13-44
174            android:enabled="false"
174-->[androidx.work:work-runtime:2.7.0] AndroidManifest.xml:103:13-36
175            android:exported="false" >
175-->[androidx.work:work-runtime:2.7.0] AndroidManifest.xml:104:13-37
176            <intent-filter>
176-->[androidx.work:work-runtime:2.7.0] AndroidManifest.xml:106:13-108:29
177                <action android:name="android.net.conn.CONNECTIVITY_CHANGE" />
177-->[androidx.work:work-runtime:2.7.0] AndroidManifest.xml:107:17-79
177-->[androidx.work:work-runtime:2.7.0] AndroidManifest.xml:107:25-76
178            </intent-filter>
179        </receiver>
180        <receiver
180-->[androidx.work:work-runtime:2.7.0] AndroidManifest.xml:110:9-121:20
181            android:name="androidx.work.impl.background.systemalarm.RescheduleReceiver"
181-->[androidx.work:work-runtime:2.7.0] AndroidManifest.xml:111:13-88
182            android:directBootAware="false"
182-->[androidx.work:work-runtime:2.7.0] AndroidManifest.xml:112:13-44
183            android:enabled="false"
183-->[androidx.work:work-runtime:2.7.0] AndroidManifest.xml:113:13-36
184            android:exported="false" >
184-->[androidx.work:work-runtime:2.7.0] AndroidManifest.xml:114:13-37
185            <intent-filter>
185-->[androidx.work:work-runtime:2.7.0] AndroidManifest.xml:116:13-120:29
186                <action android:name="android.intent.action.BOOT_COMPLETED" />
186-->[androidx.work:work-runtime:2.7.0] AndroidManifest.xml:117:17-79
186-->[androidx.work:work-runtime:2.7.0] AndroidManifest.xml:117:25-76
187                <action android:name="android.intent.action.TIME_SET" />
187-->[androidx.work:work-runtime:2.7.0] AndroidManifest.xml:118:17-73
187-->[androidx.work:work-runtime:2.7.0] AndroidManifest.xml:118:25-70
188                <action android:name="android.intent.action.TIMEZONE_CHANGED" />
188-->[androidx.work:work-runtime:2.7.0] AndroidManifest.xml:119:17-81
188-->[androidx.work:work-runtime:2.7.0] AndroidManifest.xml:119:25-78
189            </intent-filter>
190        </receiver>
191        <receiver
191-->[androidx.work:work-runtime:2.7.0] AndroidManifest.xml:122:9-131:20
192            android:name="androidx.work.impl.background.systemalarm.ConstraintProxyUpdateReceiver"
192-->[androidx.work:work-runtime:2.7.0] AndroidManifest.xml:123:13-99
193            android:directBootAware="false"
193-->[androidx.work:work-runtime:2.7.0] AndroidManifest.xml:124:13-44
194            android:enabled="@bool/enable_system_alarm_service_default"
194-->[androidx.work:work-runtime:2.7.0] AndroidManifest.xml:125:13-72
195            android:exported="false" >
195-->[androidx.work:work-runtime:2.7.0] AndroidManifest.xml:126:13-37
196            <intent-filter>
196-->[androidx.work:work-runtime:2.7.0] AndroidManifest.xml:128:13-130:29
197                <action android:name="androidx.work.impl.background.systemalarm.UpdateProxies" />
197-->[androidx.work:work-runtime:2.7.0] AndroidManifest.xml:129:17-98
197-->[androidx.work:work-runtime:2.7.0] AndroidManifest.xml:129:25-95
198            </intent-filter>
199        </receiver>
200        <receiver
200-->[androidx.work:work-runtime:2.7.0] AndroidManifest.xml:132:9-142:20
201            android:name="androidx.work.impl.diagnostics.DiagnosticsReceiver"
201-->[androidx.work:work-runtime:2.7.0] AndroidManifest.xml:133:13-78
202            android:directBootAware="false"
202-->[androidx.work:work-runtime:2.7.0] AndroidManifest.xml:134:13-44
203            android:enabled="true"
203-->[androidx.work:work-runtime:2.7.0] AndroidManifest.xml:135:13-35
204            android:exported="true"
204-->[androidx.work:work-runtime:2.7.0] AndroidManifest.xml:136:13-36
205            android:permission="android.permission.DUMP" >
205-->[androidx.work:work-runtime:2.7.0] AndroidManifest.xml:137:13-57
206            <intent-filter>
206-->[androidx.work:work-runtime:2.7.0] AndroidManifest.xml:139:13-141:29
207                <action android:name="androidx.work.diagnostics.REQUEST_DIAGNOSTICS" />
207-->[androidx.work:work-runtime:2.7.0] AndroidManifest.xml:140:17-88
207-->[androidx.work:work-runtime:2.7.0] AndroidManifest.xml:140:25-85
208            </intent-filter>
209        </receiver>
210
211        <service
211-->[androidx.room:room-runtime:2.2.5] AndroidManifest.xml:25:9-28:40
212            android:name="androidx.room.MultiInstanceInvalidationService"
212-->[androidx.room:room-runtime:2.2.5] AndroidManifest.xml:26:13-74
213            android:directBootAware="true"
213-->[androidx.room:room-runtime:2.2.5] AndroidManifest.xml:27:13-43
214            android:exported="false" />
214-->[androidx.room:room-runtime:2.2.5] AndroidManifest.xml:28:13-37
215    </application>
216
217</manifest>